<?xml version="1.0" encoding="UTF-8"?>
<testsuite xmlns:xsi="http://www.w3.org/2001/XMLSchema-instance" xsi:noNamespaceSchemaLocation="https://maven.apache.org/surefire/maven-surefire-plugin/xsd/surefire-test-report-3.0.xsd" version="3.0" name="com.linkforge.edge.web.EdgeClientIpResolverTest" time="0.008" tests="3" errors="0" skipped="0" failures="0">
  <properties>
[...]
</properties>
  <testcase name="should_fallback_to_xff_chain_when_x_real_ip_missing" classname="com.linkforge.edge.web.EdgeClientIpResolverTest" time="0.005"/>
  <testcase name="should_trust_x_real_ip_when_remote_trusted" classname="com.linkforge.edge.web.EdgeClientIpResolverTest" time="0.0"/>
  <testcase name="should_ignore_forwarded_headers_when_remote_not_trusted" classname="com.linkforge.edge.web.EdgeClientIpResolverTest" time="0.001"/>
</testsuite>