<?xml version="1.0" encoding="UTF-8"?>
<testsuite xmlns:xsi="http://www.w3.org/2001/XMLSchema-instance" xsi:noNamespaceSchemaLocation="https://maven.apache.org/surefire/maven-surefire-plugin/xsd/surefire-test-report-3.0.xsd" version="3.0" name="com.linkforge.ArchivedLinkRedirectIntegrationTest" time="28.881" tests="1" errors="0" skipped="0" failures="0">
  <properties>
[...]
</properties>
  <testcase name="should_return_404_html_when_link_archived" classname="com.linkforge.ArchivedLinkRedirectIntegrationTest" time="1.334">
    <system-out><![CDATA[13:42:51.896 [main] INFO org.testcontainers.images.PullPolicy -- Image pull policy will be performed by: DefaultPullPolicy()
13:42:51.900 [main] INFO org.testcontainers.utility.ImageNameSubstitutor -- Image name substitution will be performed by: DefaultImageNameSubstitutor (composite of 'ConfigurationFileImageNameSubstitutor' and 'PrefixingImageNameSubstitutor')
13:42:51.919 [main] INFO org.testcontainers.DockerClientFactory -- Testcontainers version: 1.20.4
13:42:52.121 [main] INFO org.testcontainers.dockerclient.DockerClientProviderStrategy -- Loaded org.testcontainers.dockerclient.UnixSocketClientProviderStrategy from ~/.testcontainers.properties, will try it first
13:42:52.295 [main] INFO org.testcontainers.dockerclient.DockerClientProviderStrategy -- Found Docker environment with local Unix socket (unix:///var/run/docker.sock)
13:42:52.296 [main] INFO org.testcontainers.DockerClientFactory -- Docker host IP address is localhost
13:42:52.322 [main] INFO org.testcontainers.DockerClientFactory -- Connected to docker: 
  Server Version: 29.2.1
  API Version: 1.53
  Operating System: Docker Desktop
  Total Memory: 48170 MB
  Labels: 
    com.docker.desktop.address=unix:///var/run/docker-cli.sock
13:42:52.644 [main] INFO tc.testcontainers/ryuk:0.11.0 -- Creating container for image: testcontainers/ryuk:0.11.0
13:42:52.915 [main] INFO tc.testcontainers/ryuk:0.11.0 -- Container testcontainers/ryuk:0.11.0 is starting: 1546a752da9260429a57fa5177c917984bcc5f7fae00d0c187dcd508e8946169
13:42:53.336 [main] INFO tc.testcontainers/ryuk:0.11.0 -- Container testcontainers/ryuk:0.11.0 started in PT0.6923055S
13:42:53.341 [main] INFO org.testcontainers.utility.RyukResourceReaper -- Ryuk started - will monitor and terminate Testcontainers containers on JVM exit
13:42:53.341 [main] INFO org.testcontainers.DockerClientFactory -- Checking the system...
13:42:53.342 [main] INFO org.testcontainers.DockerClientFactory -- ✔︎ Docker server version should be at least 1.6.0
13:42:53.344 [main] INFO tc.mysql:8.0.36 -- Creating container for image: mysql:8.0.36
13:42:53.505 [main] INFO tc.mysql:8.0.36 -- Container mysql:8.0.36 is starting: bc4ed0abd12595699cb9cde3aac9d4d16a2c5e594f0bc469355c93ea3b30d7da
13:42:53.876 [main] INFO tc.mysql:8.0.36 -- Waiting for database connection to become available at jdbc:mysql://localhost:65443/linkforge using query 'SELECT 1'
13:43:13.863 [main] INFO tc.mysql:8.0.36 -- Container mysql:8.0.36 started in PT20.518125078S
13:43:13.863 [main] INFO tc.mysql:8.0.36 -- Container is started (JDBC URL: jdbc:mysql://localhost:65443/linkforge)
13:43:13.864 [main] INFO tc.redis:7.2.4-alpine -- Creating container for image: redis:7.2.4-alpine
13:43:14.004 [main] INFO tc.redis:7.2.4-alpine -- Container redis:7.2.4-alpine is starting: e3560964f0d56c0d86721e4a427be1190ba6c10c3265d9554473900e97c20d04
13:43:14.499 [main] INFO tc.redis:7.2.4-alpine -- Container redis:7.2.4-alpine started in PT0.635185349S

  .   ____          _            __ _ _
 /\\ / ___'_ __ _ _(_)_ __  __ _ \ \ \ \
( ( )\___ | '_ | '_| | '_ \/ _` | \ \ \ \
 \\/  ___)| |_)| | | | | || (_| |  ) ) ) )
  '  |____| .__|_| |_|_| |_\__, | / / / /
 =========|_|==============|___/=/_/_/_/
 :: Spring Boot ::                (v3.2.5)

2026-02-24T13:43:14.909+08:00  INFO 1330653 --- [linkforge-edge] [           main] c.l.ArchivedLinkRedirectIntegrationTest  : Starting ArchivedLinkRedirectIntegrationTest using Java 17.0.18 with PID 1330653 (started by feng in /home/feng/code/project/LinkForge/server/edge-app)
2026-02-24T13:43:14.910+08:00  INFO 1330653 --- [linkforge-edge] [           main] c.l.ArchivedLinkRedirectIntegrationTest  : No active profile set, falling back to 1 default profile: "default"
2026-02-24T13:43:15.772+08:00  INFO 1330653 --- [linkforge-edge] [           main] .s.d.r.c.RepositoryConfigurationDelegate : Multiple Spring Data modules found, entering strict repository configuration mode
2026-02-24T13:43:15.774+08:00  INFO 1330653 --- [linkforge-edge] [           main] .s.d.r.c.RepositoryConfigurationDelegate : Bootstrapping Spring Data Redis repositories in DEFAULT mode.
2026-02-24T13:43:15.808+08:00  INFO 1330653 --- [linkforge-edge] [           main] .s.d.r.c.RepositoryConfigurationDelegate : Finished Spring Data repository scanning in 23 ms. Found 0 Redis repository interfaces.
2026-02-24T13:43:16.436+08:00  INFO 1330653 --- [linkforge-edge] [           main] o.s.b.w.embedded.tomcat.TomcatWebServer  : Tomcat initialized with port 0 (http)
2026-02-24T13:43:16.448+08:00  INFO 1330653 --- [linkforge-edge] [           main] o.apache.catalina.core.StandardService   : Starting service [Tomcat]
2026-02-24T13:43:16.449+08:00  INFO 1330653 --- [linkforge-edge] [           main] o.apache.catalina.core.StandardEngine    : Starting Servlet engine: [Apache Tomcat/10.1.20]
2026-02-24T13:43:16.498+08:00  INFO 1330653 --- [linkforge-edge] [           main] o.a.c.c.C.[Tomcat].[localhost].[/]       : Initializing Spring embedded WebApplicationContext
2026-02-24T13:43:16.499+08:00  INFO 1330653 --- [linkforge-edge] [           main] w.s.c.ServletWebServerApplicationContext : Root WebApplicationContext: initialization completed in 1578 ms
2026-02-24T13:43:18.119+08:00  INFO 1330653 --- [linkforge-edge] [           main] o.a.c.c.C.[Tomcat].[localhost].[/]       : Initializing Spring TestDispatcherServlet ''
2026-02-24T13:43:18.120+08:00  INFO 1330653 --- [linkforge-edge] [           main] o.s.t.web.servlet.TestDispatcherServlet  : Initializing Servlet ''
2026-02-24T13:43:18.127+08:00  INFO 1330653 --- [linkforge-edge] [           main] o.s.b.a.e.web.EndpointLinksResolver      : Exposing 2 endpoint(s) beneath base path '/actuator'
2026-02-24T13:43:18.144+08:00  INFO 1330653 --- [linkforge-edge] [           main] o.s.t.web.servlet.TestDispatcherServlet  : Completed initialization in 24 ms
2026-02-24T13:43:18.224+08:00  INFO 1330653 --- [linkforge-edge] [           main] o.s.b.w.embedded.tomcat.TomcatWebServer  : Tomcat started on port 40913 (http) with context path ''
2026-02-24T13:43:18.244+08:00  INFO 1330653 --- [linkforge-edge] [           main] c.l.ArchivedLinkRedirectIntegrationTest  : Started ArchivedLinkRedirectIntegrationTest in 3.568 seconds (process running for 26.789)
2026-02-24T13:43:18.983+08:00  INFO 1330653 --- [linkforge-edge] [           main] com.zaxxer.hikari.HikariDataSource       : HikariPool-1 - Starting...
2026-02-24T13:43:19.139+08:00  INFO 1330653 --- [linkforge-edge] [           main] com.zaxxer.hikari.pool.HikariPool        : HikariPool-1 - Added connection com.mysql.cj.jdbc.ConnectionImpl@5b04224a
2026-02-24T13:43:19.145+08:00  INFO 1330653 --- [linkforge-edge] [           main] com.zaxxer.hikari.HikariDataSource       : HikariPool-1 - Start completed.
2026-02-24T13:43:19.628+08:00  INFO 1330653 --- [linkforge-edge] [           main] c.l.redirect.web.RedirectController      : redirect not found (html): code=abc, latencyMs=273, requestId=46328f4f637e4e62978d63e20ce54422, ip=127.0.0.1
]]></system-out>
  </testcase>
</testsuite>