<?xml version="1.0" encoding="UTF-8"?>
<testsuite xmlns:xsi="http://www.w3.org/2001/XMLSchema-instance" xsi:noNamespaceSchemaLocation="https://maven.apache.org/surefire/maven-surefire-plugin/xsd/surefire-test-report-3.0.xsd" version="3.0" name="com.linkforge.LinkForgeIntegrationTest" time="42.385" tests="5" errors="0" skipped="0" failures="0">
  <properties>
[...]
</properties>
  <testcase name="linkLifecycle_should_archive_restore_and_delete" classname="com.linkforge.LinkForgeIntegrationTest" time="1.531">
    <system-out><![CDATA[13:42:05.754 [main] INFO org.testcontainers.images.PullPolicy -- Image pull policy will be performed by: DefaultPullPolicy()
13:42:05.759 [main] INFO org.testcontainers.utility.ImageNameSubstitutor -- Image name substitution will be performed by: DefaultImageNameSubstitutor (composite of 'ConfigurationFileImageNameSubstitutor' and 'PrefixingImageNameSubstitutor')
13:42:05.786 [main] INFO org.testcontainers.DockerClientFactory -- Testcontainers version: 1.20.4
13:42:05.998 [main] INFO org.testcontainers.dockerclient.DockerClientProviderStrategy -- Loaded org.testcontainers.dockerclient.UnixSocketClientProviderStrategy from ~/.testcontainers.properties, will try it first
13:42:06.316 [main] INFO org.testcontainers.dockerclient.DockerClientProviderStrategy -- Found Docker environment with local Unix socket (unix:///var/run/docker.sock)
13:42:06.318 [main] INFO org.testcontainers.DockerClientFactory -- Docker host IP address is localhost
13:42:06.381 [main] INFO org.testcontainers.DockerClientFactory -- Connected to docker: 
  Server Version: 29.2.1
  API Version: 1.53
  Operating System: Docker Desktop
  Total Memory: 48170 MB
  Labels: 
    com.docker.desktop.address=unix:///var/run/docker-cli.sock
13:42:06.862 [main] INFO tc.testcontainers/ryuk:0.11.0 -- Creating container for image: testcontainers/ryuk:0.11.0
13:42:07.200 [main] INFO tc.testcontainers/ryuk:0.11.0 -- Container testcontainers/ryuk:0.11.0 is starting: 733804c8b7419f169a9eb0b6fa31d3db0ee562cf90d72966714ae315624041a2
13:42:07.856 [main] INFO tc.testcontainers/ryuk:0.11.0 -- Container testcontainers/ryuk:0.11.0 started in PT0.99294052S
13:42:07.862 [main] INFO org.testcontainers.utility.RyukResourceReaper -- Ryuk started - will monitor and terminate Testcontainers containers on JVM exit
13:42:07.862 [main] INFO org.testcontainers.DockerClientFactory -- Checking the system...
13:42:07.863 [main] INFO org.testcontainers.DockerClientFactory -- ✔︎ Docker server version should be at least 1.6.0
13:42:07.866 [main] INFO tc.mysql:8.0.36 -- Creating container for image: mysql:8.0.36
13:42:08.095 [main] INFO tc.mysql:8.0.36 -- Container mysql:8.0.36 is starting: ab134d3379481ed0fff62fb83b76658cc31657aa3cdeadb2a4a759bf8ad64cdb
13:42:10.712 [main] INFO tc.mysql:8.0.36 -- Waiting for database connection to become available at jdbc:mysql://localhost:54462/linkforge using query 'SELECT 1'
13:42:33.140 [main] INFO tc.mysql:8.0.36 -- Container mysql:8.0.36 started in PT25.274654877S
13:42:33.141 [main] INFO tc.mysql:8.0.36 -- Container is started (JDBC URL: jdbc:mysql://localhost:54462/linkforge)
13:42:33.142 [main] INFO tc.redis:7.2.4-alpine -- Creating container for image: redis:7.2.4-alpine
13:42:33.312 [main] INFO tc.redis:7.2.4-alpine -- Container redis:7.2.4-alpine is starting: f969200839a1487f7432114b07f586e8fe75588edf2914a72ec47d9cbc712e7e
13:42:33.816 [main] INFO tc.redis:7.2.4-alpine -- Container redis:7.2.4-alpine started in PT0.673844872S

  .   ____          _            __ _ _
 /\\ / ___'_ __ _ _(_)_ __  __ _ \ \ \ \
( ( )\___ | '_ | '_| | '_ \/ _` | \ \ \ \
 \\/  ___)| |_)| | | | | || (_| |  ) ) ) )
  '  |____| .__|_| |_|_| |_\__, | / / / /
 =========|_|==============|___/=/_/_/_/
 :: Spring Boot ::                (v3.2.5)

2026-02-24T13:42:34.209+08:00  INFO 1276515 --- [linkforge-api] [           main] com.linkforge.LinkForgeIntegrationTest   : Starting LinkForgeIntegrationTest using Java 17.0.18 with PID 1276515 (started by feng in /home/feng/code/project/LinkForge/server/api-app)
2026-02-24T13:42:34.210+08:00  INFO 1276515 --- [linkforge-api] [           main] com.linkforge.LinkForgeIntegrationTest   : No active profile set, falling back to 1 default profile: "default"
2026-02-24T13:42:34.963+08:00  INFO 1276515 --- [linkforge-api] [           main] .s.d.r.c.RepositoryConfigurationDelegate : Multiple Spring Data modules found, entering strict repository configuration mode
2026-02-24T13:42:34.963+08:00  INFO 1276515 --- [linkforge-api] [           main] .s.d.r.c.RepositoryConfigurationDelegate : Bootstrapping Spring Data JPA repositories in DEFAULT mode.
2026-02-24T13:42:35.065+08:00  INFO 1276515 --- [linkforge-api] [           main] .s.d.r.c.RepositoryConfigurationDelegate : Finished Spring Data repository scanning in 96 ms. Found 7 JPA repository interfaces.
2026-02-24T13:42:35.322+08:00  INFO 1276515 --- [linkforge-api] [           main] .s.d.r.c.RepositoryConfigurationDelegate : Multiple Spring Data modules found, entering strict repository configuration mode
2026-02-24T13:42:35.323+08:00  INFO 1276515 --- [linkforge-api] [           main] .s.d.r.c.RepositoryConfigurationDelegate : Bootstrapping Spring Data Redis repositories in DEFAULT mode.
2026-02-24T13:42:35.341+08:00  INFO 1276515 --- [linkforge-api] [           main] .s.d.r.c.RepositoryConfigurationDelegate : Finished Spring Data repository scanning in 12 ms. Found 0 Redis repository interfaces.
2026-02-24T13:42:36.165+08:00  INFO 1276515 --- [linkforge-api] [           main] o.s.b.w.embedded.tomcat.TomcatWebServer  : Tomcat initialized with port 0 (http)
2026-02-24T13:42:36.176+08:00  INFO 1276515 --- [linkforge-api] [           main] o.apache.catalina.core.StandardService   : Starting service [Tomcat]
2026-02-24T13:42:36.177+08:00  INFO 1276515 --- [linkforge-api] [           main] o.apache.catalina.core.StandardEngine    : Starting Servlet engine: [Apache Tomcat/10.1.20]
2026-02-24T13:42:36.237+08:00  INFO 1276515 --- [linkforge-api] [           main] o.a.c.c.C.[Tomcat].[localhost].[/]       : Initializing Spring embedded WebApplicationContext
2026-02-24T13:42:36.239+08:00  INFO 1276515 --- [linkforge-api] [           main] w.s.c.ServletWebServerApplicationContext : Root WebApplicationContext: initialization completed in 2015 ms
2026-02-24T13:42:36.606+08:00  INFO 1276515 --- [linkforge-api] [           main] com.zaxxer.hikari.HikariDataSource       : HikariPool-1 - Starting...
2026-02-24T13:42:36.776+08:00  INFO 1276515 --- [linkforge-api] [           main] com.zaxxer.hikari.pool.HikariPool        : HikariPool-1 - Added connection com.mysql.cj.jdbc.ConnectionImpl@61ec2cb5
2026-02-24T13:42:36.777+08:00  INFO 1276515 --- [linkforge-api] [           main] com.zaxxer.hikari.HikariDataSource       : HikariPool-1 - Start completed.
2026-02-24T13:42:36.861+08:00  INFO 1276515 --- [linkforge-api] [           main] o.f.c.internal.license.VersionPrinter    : Flyway Community Edition 9.22.3 by Redgate
2026-02-24T13:42:36.861+08:00  INFO 1276515 --- [linkforge-api] [           main] o.f.c.internal.license.VersionPrinter    : See release notes here: https://rd.gt/416ObMi
2026-02-24T13:42:36.861+08:00  INFO 1276515 --- [linkforge-api] [           main] o.f.c.internal.license.VersionPrinter    : 
2026-02-24T13:42:36.883+08:00  INFO 1276515 --- [linkforge-api] [           main] org.flywaydb.core.FlywayExecutor         : Database: jdbc:mysql://localhost:54462/linkforge (MySQL 8.0)
2026-02-24T13:42:36.929+08:00  INFO 1276515 --- [linkforge-api] [           main] o.f.c.i.s.JdbcTableSchemaHistory         : Schema history table `linkforge`.`flyway_schema_history` does not exist yet
2026-02-24T13:42:36.933+08:00  INFO 1276515 --- [linkforge-api] [           main] o.f.core.internal.command.DbValidate     : Successfully validated 5 migrations (execution time 00:00.020s)
2026-02-24T13:42:36.956+08:00  INFO 1276515 --- [linkforge-api] [           main] o.f.c.i.s.JdbcTableSchemaHistory         : Creating Schema History table `linkforge`.`flyway_schema_history` ...
2026-02-24T13:42:37.132+08:00  INFO 1276515 --- [linkforge-api] [           main] o.f.core.internal.command.DbMigrate      : Current version of schema `linkforge`: << Empty Schema >>
2026-02-24T13:42:37.150+08:00  INFO 1276515 --- [linkforge-api] [           main] o.f.core.internal.command.DbMigrate      : Migrating schema `linkforge` to version "1 - init"
2026-02-24T13:42:38.222+08:00  INFO 1276515 --- [linkforge-api] [           main] o.f.core.internal.command.DbMigrate      : Migrating schema `linkforge` to version "2 - add stats indexes"
2026-02-24T13:42:38.328+08:00  INFO 1276515 --- [linkforge-api] [           main] o.f.core.internal.command.DbMigrate      : Migrating schema `linkforge` to version "3 - add redirect policy fields"
2026-02-24T13:42:38.418+08:00  INFO 1276515 --- [linkforge-api] [           main] o.f.core.internal.command.DbMigrate      : Migrating schema `linkforge` to version "4 - add visit events and dims"
2026-02-24T13:42:38.738+08:00  INFO 1276515 --- [linkforge-api] [           main] o.f.core.internal.command.DbMigrate      : Migrating schema `linkforge` to version "5 - add lifecycle fields"
2026-02-24T13:42:37.509+08:00  INFO 1276515 --- [linkforge-api] [           main] o.f.core.internal.command.DbMigrate      : Successfully applied 5 migrations to schema `linkforge`, now at version v5 (execution time 00:01.592s)
2026-02-24T13:42:37.604+08:00  INFO 1276515 --- [linkforge-api] [           main] o.hibernate.jpa.internal.util.LogHelper  : HHH000204: Processing PersistenceUnitInfo [name: default]
2026-02-24T13:42:37.639+08:00  INFO 1276515 --- [linkforge-api] [           main] org.hibernate.Version                    : HHH000412: Hibernate ORM core version 6.4.4.Final
2026-02-24T13:42:37.664+08:00  INFO 1276515 --- [linkforge-api] [           main] o.h.c.internal.RegionFactoryInitiator    : HHH000026: Second-level cache disabled
2026-02-24T13:42:37.792+08:00  INFO 1276515 --- [linkforge-api] [           main] o.s.o.j.p.SpringPersistenceUnitInfo      : No LoadTimeWeaver setup: ignoring JPA class transformer
2026-02-24T13:42:40.436+08:00  INFO 1276515 --- [linkforge-api] [           main] o.h.e.t.j.p.i.JtaPlatformInitiator       : HHH000489: No JTA platform available (set 'hibernate.transaction.jta.platform' to enable JTA platform integration)
2026-02-24T13:42:40.470+08:00  INFO 1276515 --- [linkforge-api] [           main] j.LocalContainerEntityManagerFactoryBean : Initialized JPA EntityManagerFactory for persistence unit 'default'
2026-02-24T13:42:41.420+08:00  INFO 1276515 --- [linkforge-api] [           main] o.s.d.j.r.query.QueryEnhancerFactory     : Hibernate is in classpath; If applicable, HQL parser will be used.
2026-02-24T13:42:42.791+08:00  INFO 1276515 --- [linkforge-api] [           main] o.s.b.a.e.web.EndpointLinksResolver      : Exposing 2 endpoint(s) beneath base path '/actuator'
2026-02-24T13:42:42.836+08:00  INFO 1276515 --- [linkforge-api] [           main] o.s.s.web.DefaultSecurityFilterChain     : Will secure any request with [org.springframework.security.web.session.DisableEncodeUrlFilter@4523432, org.springframework.security.web.context.request.async.WebAsyncManagerIntegrationFilter@9f2a220, org.springframework.security.web.context.SecurityContextHolderFilter@6c16a3fa, org.springframework.security.web.header.HeaderWriterFilter@11648d6c, org.springframework.web.filter.CorsFilter@7e47eb95, org.springframework.security.web.authentication.logout.LogoutFilter@3d79168b, com.linkforge.platform.security.ApiKeyAuthenticationFilter@435d648d, com.linkforge.platform.security.JwtAuthenticationFilter@4fc50fee, org.springframework.security.web.savedrequest.RequestCacheAwareFilter@99d19d6, org.springframework.security.web.servletapi.SecurityContextHolderAwareRequestFilter@26c3b371, org.springframework.security.web.authentication.AnonymousAuthenticationFilter@7dee0a5, org.springframework.security.web.session.SessionManagementFilter@f6b7959, org.springframework.security.web.access.ExceptionTranslationFilter@602b0e5d, org.springframework.security.web.access.intercept.AuthorizationFilter@3b4cc0f6]
2026-02-24T13:42:43.215+08:00  INFO 1276515 --- [linkforge-api] [           main] o.a.c.c.C.[Tomcat].[localhost].[/]       : Initializing Spring TestDispatcherServlet ''
2026-02-24T13:42:43.216+08:00  INFO 1276515 --- [linkforge-api] [           main] o.s.t.web.servlet.TestDispatcherServlet  : Initializing Servlet ''
2026-02-24T13:42:43.220+08:00  INFO 1276515 --- [linkforge-api] [           main] o.s.t.web.servlet.TestDispatcherServlet  : Completed initialization in 2 ms
2026-02-24T13:42:43.300+08:00  INFO 1276515 --- [linkforge-api] [           main] o.s.b.w.embedded.tomcat.TomcatWebServer  : Tomcat started on port 33401 (http) with context path ''
2026-02-24T13:42:43.316+08:00  INFO 1276515 --- [linkforge-api] [           main] com.linkforge.LinkForgeIntegrationTest   : Started LinkForgeIntegrationTest in 9.317 seconds (process running for 35.917)
]]></system-out>
  </testcase>
  <testcase name="endToEnd_register_login_create_stats_and_openapi" classname="com.linkforge.LinkForgeIntegrationTest" time="0.95"/>
  <testcase name="linkPolicyFields_should_create_update_and_echo_in_response" classname="com.linkforge.LinkForgeIntegrationTest" time="0.156"/>
  <testcase name="user_and_api_key_governance_should_disable_enable_rotate_and_reset_password" classname="com.linkforge.LinkForgeIntegrationTest" time="0.928"/>
  <testcase name="authErrors_shouldReturnConsistentApiResponse" classname="com.linkforge.LinkForgeIntegrationTest" time="0.022"/>
</testsuite>